build.py  -d svg_line -vfu -l

SignWriting 2010 Tools project
-------------------------------
	version 2.0.0
-------------------------------
https://github.com/slevinski/signwriting_2010_tools

verbosity turned on

using Unicode plane 4

using symbol key file symkeys.txt
using directory ../source/svg_line/ for import files
using extension svg

Overwriting font file ../fonts/SuttonSignWriting.ttf

Font initilization

Custom settings file: custom.txt
	setting: weight as "Medium"
	setting: copyright as "Sutton SignWriting is released under the SIL Open Font License, Version 1.1.\nhttp://scripts.sil.org/OFL\n\nThis Font Software is Copyright (c) 1974-2014\nCenter For Sutton Movement Writing, Inc.\n\nThe symbols in the International SignWriting Alphabet 2010 (ISWA 2010)\nwere designed by SignWriting inventor, Valerie Sutton (sutton@signwriting.org).\n\nThe symbols were refined by Adam Frost (frost@signwriting.org).\n\nThe symbols were encoded, transformed, and refactored by Stephen E Slevinski Jr (slevin@signpuddle.net).\n\n# Public TrueType Fonts\nReserved Font Name: Sutton SignWriting\nReserved Font Name: Sutton SignWriting Fill\n\nCenter for Sutton Movement Writing, Inc. (CSMW)\na US 501c3 nonprofit educational organization\nhttp://signwriting.org, http://signbank.org, http://movementwriting.org\n\nSignPuddle Software by Stephen E Slevinski Jr\nhttp://signpuddle.org, http://signpuddle.net, http://signpuddle.com"
	setting: comment as "Sutton SignWriting is a typeface for written sign languages which makes the entire International SignWriting Alphabet 2010 symbol set available"
	setting: descent as 30
	setting: ascent as 0
	setting: em as 300

Glyph settings file: glyph.txt
	setting: right_side_bearing as 0

ISWA 2010 Glyphs
	load file symkeys.txt
S1003b S10117 S10153 S1022f S1030b S10347 S10423 S1045f S1053b S10617 S10653 S1072f S1080b S10847 S10923 S1095f S10a3b S10b17 S10b53 S10c2f S10d0b S10d47 S10e23 S10e5f S10f3b S11017 S11053 S1112f S1120b S11247 S11323 S1135f S1143b S11517 S11553 S1162f S1170b S11747 S11823 S1185f S1193b S11a17 S11a53 S11b2f S11c0b S11c47 S11d23 S11d5f S11e3b S11f17 S11f53 S1202f S1210b S12147 S12223 S1225f S1233b S12417 S12453 S1252f S1260b S12647 S12723 S1275f S1283b S12917 S12953 S12a2f S12b0b S12b47 S12c23 S12c5f S12d3b S12e17 S12e53 S12f2f S1300b S13047 S13123 S1315f S1323b S13317 S13353 S1342f S1350b S13547 S13623 S1365f S1373b S13817 S13853 S1392f S13a0b S13a47 S13b23 S13b5f S13c3b S13d17 S13d53 S13e2f S13f0b S13f47 S14023 S1405f S1413b S14217 S14253 S1432f S1440b S14447 S14523 S1455f S1463b S14717 S14753 S1482f S1490b S14947 S14a23 S14a5f S14b3b S14c17 S14c53 S14e1f S14e5b S15027 S15113 S1522f S1530b S15347 S15423 S1545f S1553b S15617 S15653 S1572f S1580b S15847 S15923 S1595f S15a3b S15b17 S15d03 S15d3f S15f0b S15f47 S16023 S1605f S1613b S16217 S16253 S1632f S1640b S16447 S16523 S1655f S1663b S16717 S16753 S1682f S1690b S16947 S16a23 S16a5f S16b3b S16c17 S16c53 S16d2f S16e0b S16e47 S16f23 S16f5f S1703b S17117 S17153 S1722f S1730b S17347 S17423 S1745f S1753b S17617 S17653 S1772f S1780b S17847 S17923 S1795f S17a3b S17b17 S17b53 S17c2f S17d0b S17d47 S17e23 S17e5f S17f3b S18017 S18053 S1812f S1820b S18247 S18323 S1835f S1843b S18517 S18553 S1862f S1870b S18747 S18823 S1885f S1893b S18a17 S18a53 S18b2f S18c0b S18c47 S18d23 S18d5f S18e3b S18f17 S18f53 S1902f S1910b S19147 S19223 S1925f S1933b S19417 S19453 S1952f S1960b S19647 S19723 S1975f S1983b S19917 S19953 S19a2f S19b0b S19b47 S19c23 S19c5f S19d3b S19e17 S19e53 S19f2f S1a00b S1a047 S1a123 S1a15f S1a23b S1a317 S1a353 S1a42f S1a50b S1a547 S1a623 S1a65f S1a73b S1a817 S1a853 S1a92f S1aa0b S1aa47 S1ab23 S1ab5f S1ac3b S1ad17 S1ad53 S1ae2f S1af0b S1af47 S1b023 S1b05f S1b13b S1b217 S1b253 S1b32f S1b40b S1b447 S1b523 S1b55f S1b63b S1b717 S1b753 S1b82f S1b90b S1b947 S1ba23 S1ba5f S1bb3b S1bc17 S1bc53 S1bd2f S1be0b S1be47 S1bf23 S1bf5f S1c03b S1c117 S1c153 S1c22f S1c30b S1c347 S1c423 S1c45f S1c53b S1c617 S1c653 S1c72f S1c80b S1c847 S1c923 S1c95f S1ca3b S1cb17 S1cb53 S1cc2f S1cd0b S1cd47 S1ce23 S1ce5f S1cf3b S1d017 S1d053 S1d12f S1d20b S1d247 S1d323 S1d35f S1d43b S1d517 S1d553 S1d62f S1d70b S1d747 S1d823 S1d85f S1d93b S1da17 S1da53 S1db2f S1dc0b S1dc47 S1dd23 S1dd5f S1de3b S1df17 S1df53 S1e02f S1e10b S1e147 S1e223 S1e25f S1e33b S1e417 S1e453 S1e52f S1e60b S1e647 S1e723 S1e75f S1e83b S1e917 S1e953 S1ea2f S1eb0b S1eb47 S1ec23 S1ec5f S1ed3b S1ee17 S1ee53 S1ef2f S1f00b S1f047 S1f123 S1f15f S1f23b S1f317 S1f353 S1f42f S1f50b S1f547 S1f713 S1f74f S1f82b S1f907 S1f943 S1fa1f S1fa5b S1fb37 S1fc13 S1fc4f S1fd2b S1fe07 S1fe43 S1ff1f S1ff5b S20037 S20113 S2014f S2022b S20307 S20343 S20712 S21212 S21a08 S21a44 S21f0e S21f4a S22126 S22302 S2233e S2241a S22456 S22622 S22816 S22942 S22b26 S22d22 S22f16 S2311a S23226 S23402 S2360e S2371a S23826 S23922 S23a1e S23b1a S23c16 S23d12 S23e0e S23f0a S24006 S24102 S2413e S2423a S24336 S24432 S2452e S2462a S24726 S24822 S2491e S24a1a S24b16 S24b52 S24c2e S24d0a S24d46 S24e2d S24f1d S2500d S2505d S25222 S2532e S25515 S25715 S25915 S25b15 S25d15 S25f35 S26215 S26435 S26632 S26826 S26a22 S26c1e S26d2a S26f06 S27112 S2721e S2732a S27426 S27522 S2761e S2771a S27816 S27912 S27a0e S27b0a S27c06 S27d02 S27d3e S27e3a S27f36 S28032 S2812e S2820a S28246 S28322 S2835e S2843a S28516 S28552 S2862e S28712 S2882e S2892a S28a26 S28b22 S28c1e S28d1a S28e16 S28f12 S2900e S2910a S29206 S29302 S2933e S2943a S29536 S29632 S2972e S2982a S29926 S29a22 S29b1e S29c1a S29d16 S29e12 S29f0e S2a00a S2a106 S2a202 S2a23e S2a31a S2a356 S2a432 S2a50e S2a54a S2aa12 S2af12 S2b408 S2b528 S2b722 S2b836 S2ba12 S2bc06 S2be02 S2bf36 S2c132 S2c326 S2c442 S2c556 S2c712 S2c826 S2ca22 S2cc16 S2ce12 S2d006 S2d202 S2d316 S2d432 S2d526 S2d622 S2d71e S2d81a S2d916 S2da12 S2db0e S2dc0a S2dd06 S2de02 S2de3e S2df3a S2e016 S2e052 S2e12e S2e20a S2e246 S2e402 S2e50e S2e61a S2e726 S2e802 S2e83e S2e91a S2e956 S2ea32 S2eb0e S2eb4a S2ec26 S2ed02 S2ee0e S2f012 S2f402 S2f556 S2f806 S30002 S30230 S30412 S3081e S3092a S31510 S32101 S32235 S32431 S32625 S32801 S32c30 S33805 S34d10 S35a11 S35e05 S36450 S36921 S36e43 S36f39 S37015 S37051 S3712d S37221 S37525 S37711 S3790d S37b09 S37d05 S37e21 S37e5d S38031 S38424 S38540 S38634 S38720 S38a04 OK

Generating Font File...

OK

Elapsed time of  60.7 seconds.
	55.1 seconds to create 37811 glyphs
	5.5 seconds to generate font file

Wrote font file ../fonts/SuttonSignWriting.ttf
	file created:  2016-09-13 13:00:24
	file size: 7.11 MB
