build.py 8 -d svg_line -vfua -c custom8.txt -l

SignWriting 2010 Tools project
-------------------------------
	version 2.0.0
-------------------------------
https://github.com/slevinski/signwriting_2010_tools

verbosity turned on

using Unicode plane 4

using symbol key file symkeys.txt
using directory ../source/svg_line/ for import files
using extension svg

Overwriting font file ../fonts/SuttonSignWriting8.ttf

Font initilization

Custom settings file: custom8.txt
	setting: weight as "Medium"
	setting: copyright as "Sutton SignWriting is released under the SIL Open Font License, Version 1.1.\nhttp://scripts.sil.org/OFL\n\nThis Font Software is Copyright (c) 1974-2014\nCenter For Sutton Movement Writing, Inc.\n\nThe symbols in the International SignWriting Alphabet 2010 (ISWA 2010)\nwere designed by SignWriting inventor, Valerie Sutton (sutton@signwriting.org).\n\nThe symbols were refined by Adam Frost (frost@signwriting.org).\n\nThe symbols were encoded, transformed, and refactored by Stephen E Slevinski Jr (slevin@signpuddle.net).\n\n# Public TrueType Fonts\nReserved Font Name: Sutton SignWriting\nReserved Font Name: Sutton SignWriting Fill\n\nCenter for Sutton Movement Writing, Inc. (CSMW)\na US 501c3 nonprofit educational organization\nhttp://signwriting.org, http://signbank.org, http://movementwriting.org\n\nSignPuddle Software by Stephen E Slevinski Jr\nhttp://signpuddle.org, http://signpuddle.net, http://signpuddle.com"
	setting: comment as "Sutton SignWriting is a typeface for written sign languages which makes the entire International SignWriting Alphabet 2010 symbol set available"
	setting: descent as 0
	setting: ascent as 30
	setting: em as 300

Glyph settings file: glyph.txt
	setting: right_side_bearing as 0

ISWA 2010 Glyphs
	load file symkeys.txt
S1003b S10117 S10153 S1022f S1030b S10347 S10423 S1045f S1053b S10617 S10653 S1072f S1080b S10847 S10923 S1095f S10a3b S10b17 S10b53 S10c2f S10d0b S10d47 S10e23 S10e5f S10f3b S11017 S11053 S1112f S1120b S11247 S11323 S1135f S1143b S11517 S11553 S1162f S1170b S11747 S11823 S1185f S1193b S11a17 S11a53 S11b2f S11c0b S11c47 S11d23 S11d5f S11e3b S11f17 S11f53 S1202f S1210b S12147 S12223 S1225f S1233b S12417 S12453 S1252f S1260b S12647 S12723 S1275f S1283b S12917 S12953 S12a2f S12b0b S12b47 S12c23 S12c5f S12d3b S12e17 S12e53 S12f2f S1300b S13047 S13123 S1315f S1323b S13317 S13353 S1342f S1350b S13547 S13623 S1365f S1373b S13817 S13853 S1392f S13a0b S13a47 S13b23 S13b5f S13c3b S13d17 S13d53 S13e2f S13f0b S13f47 S14023 S1405f S1413b S14217 S14253 S1432f S1440b S14447 S14523 S1455f S1463b S14717 S14753 S1482f S1490b S14947 S14a23 S14a5f S14b3b S14c17 S14c53 S14e1f S14e5b S15027 S15113 S1522f S1530b S15347 S15423 S1545f S1553b S15617 S15653 S1572f S1580b S15847 S15923 S1595f S15a3b S15b17 S15d03 S15d3f S15f0b S15f47 S16023 S1605f S1613b S16217 S16253 S1632f S1640b S16447 S16523 S1655f S1663b S16717 S16753 S1682f S1690b S16947 S16a23 S16a5f S16b3b S16c17 S16c53 S16d2f S16e0b S16e47 S16f23 S16f5f S1703b S17117 S17153 S1722f S1730b S17347 S17423 S1745f S1753b S17617 S17653 S1772f S1780b S17847 S17923 S1795f S17a3b S17b17 S17b53 S17c2f S17d0b S17d47 S17e23 S17e5f S17f3b S18017 S18053 S1812f S1820b S18247 S18323 S1835f S1843b S18517 S18553 S1862f S1870b S18747 S18823 S1885f S1893b S18a17 S18a53 S18b2f S18c0b S18c47 S18d23 S18d5f S18e3b S18f17 S18f53 S1902f S1910b S19147 S19223 S1925f S1933b S19417 S19453 S1952f S1960b S19647 S19723 S1975f S1983b S19917 S19953 S19a2f S19b0b S19b47 S19c23 S19c5f S19d3b S19e17 S19e53 S19f2f S1a00b S1a047 S1a123 S1a15f S1a23b S1a317 S1a353 S1a42f S1a50b S1a547 S1a623 S1a65f S1a73b S1a817 S1a853 S1a92f S1aa0b S1aa47 S1ab23 S1ab5f S1ac3b S1ad17 S1ad53 S1ae2f S1af0b S1af47 S1b023 S1b05f S1b13b S1b217 S1b253 S1b32f S1b40b S1b447 S1b523 S1b55f S1b63b S1b717 S1b753 S1b82f S1b90b S1b947 S1ba23 S1ba5f S1bb3b S1bc17 S1bc53 S1bd2f S1be0b S1be47 S1bf23 S1bf5f S1c03b S1c117 S1c153 S1c22f S1c30b S1c347 S1c423 S1c45f S1c53b S1c617 S1c653 S1c72f S1c80b S1c847 S1c923 S1c95f S1ca3b S1cb17 S1cb53 S1cc2f S1cd0b S1cd47 S1ce23 S1ce5f S1cf3b S1d017 S1d053 S1d12f S1d20b S1d247 S1d323 S1d35f S1d43b S1d517 S1d553 S1d62f S1d70b S1d747 S1d823 S1d85f S1d93b S1da17 S1da53 S1db2f S1dc0b S1dc47 S1dd23 S1dd5f S1de3b S1df17 S1df53 S1e02f S1e10b S1e147 S1e223 S1e25f S1e33b S1e417 S1e453 S1e52f S1e60b S1e647 S1e723 S1e75f S1e83b S1e917 S1e953 S1ea2f S1eb0b S1eb47 S1ec23 S1ec5f S1ed3b S1ee17 S1ee53 S1ef2f S1f00b S1f047 S1f123 S1f15f S1f23b S1f317 S1f353 S1f42f S1f50b S1f547 S1f713 S1f74f S1f82b S1f907 S1f943 S1fa1f S1fa5b S1fb37 S1fc13 S1fc4f S1fd2b S1fe07 S1fe43 S1ff1f S1ff5b S20037 S20113 S2014f S2022b S20307 S20343 S20712 S21212 S21a08 S21a44 S21f0e S21f4a S22126 S22302 S2233e S2241a S22456 S22622 S22816 S22942 S22b26 S22d22 S22f16 S2311a S23226 S23402 S2360e S2371a S23826 S23922 S23a1e S23b1a S23c16 S23d12 S23e0e S23f0a S24006 S24102 S2413e S2423a S24336 S24432 S2452e S2462a S24726 S24822 S2491e S24a1a S24b16 S24b52 S24c2e S24d0a S24d46 S24e2d S24f1d S2500d S2505d S25222 S2532e S25515 S25715 S25915 S25b15 S25d15 S25f35 S26215 S26435 S26632 S26826 S26a22 S26c1e S26d2a S26f06 S27112 S2721e S2732a S27426 S27522 S2761e S2771a S27816 S27912 S27a0e S27b0a S27c06 S27d02 S27d3e S27e3a S27f36 S28032 S2812e S2820a S28246 S28322 S2835e S2843a S28516 S28552 S2862e S28712 S2882e S2892a S28a26 S28b22 S28c1e S28d1a S28e16 S28f12 S2900e S2910a S29206 S29302 S2933e S2943a S29536 S29632 S2972e S2982a S29926 S29a22 S29b1e S29c1a S29d16 S29e12 S29f0e S2a00a S2a106 S2a202 S2a23e S2a31a S2a356 S2a432 S2a50e S2a54a S2aa12 S2af12 S2b408 S2b528 S2b722 S2b836 S2ba12 S2bc06 S2be02 S2bf36 S2c132 S2c326 S2c442 S2c556 S2c712 S2c826 S2ca22 S2cc16 S2ce12 S2d006 S2d202 S2d316 S2d432 S2d526 S2d622 S2d71e S2d81a S2d916 S2da12 S2db0e S2dc0a S2dd06 S2de02 S2de3e S2df3a S2e016 S2e052 S2e12e S2e20a S2e246 S2e402 S2e50e S2e61a S2e726 S2e802 S2e83e S2e91a S2e956 S2ea32 S2eb0e S2eb4a S2ec26 S2ed02 S2ee0e S2f012 S2f402 S2f556 S2f806 S30002 S30230 S30412 S3081e S3092a S31510 S32101 S32235 S32431 S32625 S32801 S32c30 S33805 S34d10 S35a11 S35e05 S36450 S36921 S36e43 S36f39 S37015 S37051 S3712d S37221 S37525 S37711 S3790d S37b09 S37d05 S37e21 S37e5d S38031 S38424 S38540 S38634 S38720 S38a04 OK

Unicode 8 Characters
u1D800 u1D801 u1D802 u1D803 u1D804 u1D805 u1D806 u1D807 u1D808 u1D809 u1D80A u1D80B u1D80C u1D80D u1D80E u1D80F u1D810 u1D811 u1D812 u1D813 u1D814 u1D815 u1D816 u1D817 u1D818 u1D819 u1D81A u1D81B u1D81C u1D81D u1D81E u1D81F u1D820 u1D821 u1D822 u1D823 u1D824 u1D825 u1D826 u1D827 u1D828 u1D829 u1D82A u1D82B u1D82C u1D82D u1D82E u1D82F u1D830 u1D831 u1D832 u1D833 u1D834 u1D835 u1D836 u1D837 u1D838 u1D839 u1D83A u1D83B u1D83C u1D83D u1D83E u1D83F u1D840 u1D841 u1D842 u1D843 u1D844 u1D845 u1D846 u1D847 u1D848 u1D849 u1D84A u1D84B u1D84C u1D84D u1D84E u1D84F u1D850 u1D851 u1D852 u1D853 u1D854 u1D855 u1D856 u1D857 u1D858 u1D859 u1D85A u1D85B u1D85C u1D85D u1D85E u1D85F u1D860 u1D861 u1D862 u1D863 u1D864 u1D865 u1D866 u1D867 u1D868 u1D869 u1D86A u1D86B u1D86C u1D86D u1D86E u1D86F u1D870 u1D871 u1D872 u1D873 u1D874 u1D875 u1D876 u1D877 u1D878 u1D879 u1D87A u1D87B u1D87C u1D87D u1D87E u1D87F u1D880 u1D881 u1D882 u1D883 u1D884 u1D885 u1D886 u1D887 u1D888 u1D889 u1D88A u1D88B u1D88C u1D88D u1D88E u1D88F u1D890 u1D891 u1D892 u1D893 u1D894 u1D895 u1D896 u1D897 u1D898 u1D899 u1D89A u1D89B u1D89C u1D89D u1D89E u1D89F u1D8A0 u1D8A1 u1D8A2 u1D8A3 u1D8A4 u1D8A5 u1D8A6 u1D8A7 u1D8A8 u1D8A9 u1D8AA u1D8AB u1D8AC u1D8AD u1D8AE u1D8AF u1D8B0 u1D8B1 u1D8B2 u1D8B3 u1D8B4 u1D8B5 u1D8B6 u1D8B7 u1D8B8 u1D8B9 u1D8BA u1D8BB u1D8BC u1D8BD u1D8BE u1D8BF u1D8C0 u1D8C1 u1D8C2 u1D8C3 u1D8C4 u1D8C5 u1D8C6 u1D8C7 u1D8C8 u1D8C9 u1D8CA u1D8CB u1D8CC u1D8CD u1D8CE u1D8CF u1D8D0 u1D8D1 u1D8D2 u1D8D3 u1D8D4 u1D8D5 u1D8D6 u1D8D7 u1D8D8 u1D8D9 u1D8DA u1D8DB u1D8DC u1D8DD u1D8DE u1D8DF u1D8E0 u1D8E1 u1D8E2 u1D8E3 u1D8E4 u1D8E5 u1D8E6 u1D8E7 u1D8E8 u1D8E9 u1D8EA u1D8EB u1D8EC u1D8ED u1D8EE u1D8EF u1D8F0 u1D8F1 u1D8F2 u1D8F3 u1D8F4 u1D8F5 u1D8F6 u1D8F7 u1D8F8 u1D8F9 u1D8FA u1D8FB u1D8FC u1D8FD u1D8FE u1D8FF u1D900 u1D901 u1D902 u1D903 u1D904 u1D905 u1D906 u1D907 u1D908 u1D909 u1D90A u1D90B u1D90C u1D90D u1D90E u1D90F u1D910 u1D911 u1D912 u1D913 u1D914 u1D915 u1D916 u1D917 u1D918 u1D919 u1D91A u1D91B u1D91C u1D91D u1D91E u1D91F u1D920 u1D921 u1D922 u1D923 u1D924 u1D925 u1D926 u1D927 u1D928 u1D929 u1D92A u1D92B u1D92C u1D92D u1D92E u1D92F u1D930 u1D931 u1D932 u1D933 u1D934 u1D935 u1D936 u1D937 u1D938 u1D939 u1D93A u1D93B u1D93C u1D93D u1D93E u1D93F u1D940 u1D941 u1D942 u1D943 u1D944 u1D945 u1D946 u1D947 u1D948 u1D949 u1D94A u1D94B u1D94C u1D94D u1D94E u1D94F u1D950 u1D951 u1D952 u1D953 u1D954 u1D955 u1D956 u1D957 u1D958 u1D959 u1D95A u1D95B u1D95C u1D95D u1D95E u1D95F u1D960 u1D961 u1D962 u1D963 u1D964 u1D965 u1D966 u1D967 u1D968 u1D969 u1D96A u1D96B u1D96C u1D96D u1D96E u1D96F u1D970 u1D971 u1D972 u1D973 u1D974 u1D975 u1D976 u1D977 u1D978 u1D979 u1D97A u1D97B u1D97C u1D97D u1D97E u1D97F u1D980 u1D981 u1D982 u1D983 u1D984 u1D985 u1D986 u1D987 u1D988 u1D989 u1D98A u1D98B u1D98C u1D98D u1D98E u1D98F u1D990 u1D991 u1D992 u1D993 u1D994 u1D995 u1D996 u1D997 u1D998 u1D999 u1D99A u1D99B u1D99C u1D99D u1D99E u1D99F u1D9A0 u1D9A1 u1D9A2 u1D9A3 u1D9A4 u1D9A5 u1D9A6 u1D9A7 u1D9A8 u1D9A9 u1D9AA u1D9AB u1D9AC u1D9AD u1D9AE u1D9AF u1D9B0 u1D9B1 u1D9B2 u1D9B3 u1D9B4 u1D9B5 u1D9B6 u1D9B7 u1D9B8 u1D9B9 u1D9BA u1D9BB u1D9BC u1D9BD u1D9BE u1D9BF u1D9C0 u1D9C1 u1D9C2 u1D9C3 u1D9C4 u1D9C5 u1D9C6 u1D9C7 u1D9C8 u1D9C9 u1D9CA u1D9CB u1D9CC u1D9CD u1D9CE u1D9CF u1D9D0 u1D9D1 u1D9D2 u1D9D3 u1D9D4 u1D9D5 u1D9D6 u1D9D7 u1D9D8 u1D9D9 u1D9DA u1D9DB u1D9DC u1D9DD u1D9DE u1D9DF u1D9E0 u1D9E1 u1D9E2 u1D9E3 u1D9E4 u1D9E5 u1D9E6 u1D9E7 u1D9E8 u1D9E9 u1D9EA u1D9EB u1D9EC u1D9ED u1D9EE u1D9EF u1D9F0 u1D9F1 u1D9F2 u1D9F3 u1D9F4 u1D9F5 u1D9F6 u1D9F7 u1D9F8 u1D9F9 u1D9FA u1D9FB u1D9FC u1D9FD u1D9FE u1D9FF u1DA00 u1DA01 u1DA02 u1DA03 u1DA04 u1DA05 u1DA06 u1DA07 u1DA08 u1DA09 u1DA0A u1DA0B u1DA0C u1DA0D u1DA0E u1DA0F u1DA10 u1DA11 u1DA12 u1DA13 u1DA14 u1DA15 u1DA16 u1DA17 u1DA18 u1DA19 u1DA1A u1DA1B u1DA1C u1DA1D u1DA1E u1DA1F u1DA20 u1DA21 u1DA22 u1DA23 u1DA24 u1DA25 u1DA26 u1DA27 u1DA28 u1DA29 u1DA2A u1DA2B u1DA2C u1DA2D u1DA2E u1DA2F u1DA30 u1DA31 u1DA32 u1DA33 u1DA34 u1DA35 u1DA36 u1DA37 u1DA38 u1DA39 u1DA3A u1DA3B u1DA3C u1DA3D u1DA3E u1DA3F u1DA40 u1DA41 u1DA42 u1DA43 u1DA44 u1DA45 u1DA46 u1DA47 u1DA48 u1DA49 u1DA4A u1DA4B u1DA4C u1DA4D u1DA4E u1DA4F u1DA50 u1DA51 u1DA52 u1DA53 u1DA54 u1DA55 u1DA56 u1DA57 u1DA58 u1DA59 u1DA5A u1DA5B u1DA5C u1DA5D u1DA5E u1DA5F u1DA60 u1DA61 u1DA62 u1DA63 u1DA64 u1DA65 u1DA66 u1DA67 u1DA68 u1DA69 u1DA6A u1DA6B u1DA6C u1DA6D u1DA6E u1DA6F u1DA70 u1DA71 u1DA72 u1DA73 u1DA74 u1DA75 u1DA76 u1DA77 u1DA78 u1DA79 u1DA7A u1DA7B u1DA7C u1DA7D u1DA7E u1DA7F u1DA80 u1DA81 u1DA82 u1DA83 u1DA84 u1DA85 u1DA86 u1DA87 u1DA88 u1DA89 u1DA8A u1DA8B u1DA8C u1DA8D u1DA8E u1DA8F u1DA90 u1DA91 u1DA92 u1DA93 u1DA94 u1DA95 u1DA96 u1DA97 u1DA98 u1DA99 u1DA9A u1DA9B u1DA9C u1DA9D u1DA9E u1DA9F u1DAA0 u1DAA1 u1DAA2 u1DAA3 u1DAA4 u1DAA5 u1DAA6 u1DAA7 u1DAA8 u1DAA9 u1DAAA u1DAAB u1DAAC u1DAAD u1DAAE u1DAAF OK

Merging Unicode 8 Features OK

Generating Font File...

OK

Elapsed time of  48.2 seconds.
	38.2 seconds to create 37811 glyphs
	2.6 seconds to create 688 characters
		688 Unicode 8 characters
	0.4 seconds to merge features
	6.9 seconds to generate font file

Wrote font file ../fonts/SuttonSignWriting8.ttf
	file created:  2016-09-13 13:01:39
	file size: 7.53 MB
